<?xml version="1.0" encoding="UTF-8"?>
<!-- Generated by org.testng.reporters.JUnitXMLReporter -->
<testsuite ignored="0" hostname="Rajaneesh" failures="1" tests="1" name="Leadrat Test(failed)(failed)" time="13.982" errors="0" timestamp="2024-03-11T08:21:11 IST">
  <testcase classname="testCases.Tc001_AddLead" name="set" time="7.133">
    <failure type="org.openqa.selenium.ElementClickInterceptedException" message="element click intercepted: Element &amp;lt;div class=&amp;quot;ng-option ng-star-inserted ng-option-marked&amp;quot; role=&amp;quot;option&amp;quot; id=&amp;quot;aa6e5ab9fbcc-7&amp;quot;&amp;gt;...&amp;lt;/div&amp;gt; is not clickable at point (307, 304). Other element would receive the click: &amp;lt;img _ngcontent-phx-c119=&amp;quot;&amp;quot; height=&amp;quot;120px&amp;quot; width=&amp;quot;120px&amp;quot; src=&amp;quot;assets/images/loader-rat.svg&amp;quot; class=&amp;quot;cssload-zenith&amp;quot;&amp;gt;
  (Session info: chrome=122.0.6261.112)
Build info: version: &amp;apos;4.12.1&amp;apos;, revision: &amp;apos;8e34639b11&amp;apos;
System info: os.name: &amp;apos;Windows 11&amp;apos;, os.arch: &amp;apos;amd64&amp;apos;, os.version: &amp;apos;10.0&amp;apos;, java.version: &amp;apos;17.0.9&amp;apos;
Driver info: org.openqa.selenium.chrome.ChromeDriver
Command: [f2f71cc2664c26df2ae58ddb673fdfd7, clickElement {id=f.14C3CAECCBA0C50E93C1C5029566C108.d.85157E93CFD94EF4B58620F1027A258E.e.124}]
Capabilities {acceptInsecureCerts: false, browserName: chrome, browserVersion: 122.0.6261.112, chrome: {chromedriverVersion: 122.0.6261.111 (9d4c1072da6..., userDataDir: C:\Users\NEWUSE~1\AppData\L...}, fedcm:accounts: true, goog:chromeOptions: {debuggerAddress: localhost:58952}, networkConnectionEnabled: false, pageLoadStrategy: normal, platformName: windows, proxy: Proxy(), se:cdp: ws://localhost:58952/devtoo..., se:cdpVersion: 122.0.6261.112, setWindowRect: true, strictFileInteractability: false, timeouts: {implicit: 0, pageLoad: 300000, script: 30000}, unhandledPromptBehavior: dismiss and notify, webauthn:extension:credBlob: true, webauthn:extension:largeBlob: true, webauthn:extension:minPinLength: true, webauthn:extension:prf: true, webauthn:virtualAuthenticators: true}
Element: [[ChromeDriver: chrome on windows (f2f71cc2664c26df2ae58ddb673fdfd7)] -&amp;gt; xpath: //div[@role=&amp;apos;option&amp;apos;]]
Session ID: f2f71cc2664c26df2ae58ddb673fdfd7">
      <![CDATA[org.openqa.selenium.ElementClickInterceptedException: element click intercepted: Element <div class="ng-option ng-star-inserted ng-option-marked" role="option" id="aa6e5ab9fbcc-7">...</div> is not clickable at point (307, 304). Other element would receive the click: <img _ngcontent-phx-c119="" height="120px" width="120px" src="assets/images/loader-rat.svg" class="cssload-zenith">
  (Session info: chrome=122.0.6261.112)
Build info: version: '4.12.1', revision: '8e34639b11'
System info: os.name: 'Windows 11', os.arch: 'amd64', os.version: '10.0', java.version: '17.0.9'
Driver info: org.openqa.selenium.chrome.ChromeDriver
Command: [f2f71cc2664c26df2ae58ddb673fdfd7, clickElement {id=f.14C3CAECCBA0C50E93C1C5029566C108.d.85157E93CFD94EF4B58620F1027A258E.e.124}]
Capabilities {acceptInsecureCerts: false, browserName: chrome, browserVersion: 122.0.6261.112, chrome: {chromedriverVersion: 122.0.6261.111 (9d4c1072da6..., userDataDir: C:\Users\NEWUSE~1\AppData\L...}, fedcm:accounts: true, goog:chromeOptions: {debuggerAddress: localhost:58952}, networkConnectionEnabled: false, pageLoadStrategy: normal, platformName: windows, proxy: Proxy(), se:cdp: ws://localhost:58952/devtoo..., se:cdpVersion: 122.0.6261.112, setWindowRect: true, strictFileInteractability: false, timeouts: {implicit: 0, pageLoad: 300000, script: 30000}, unhandledPromptBehavior: dismiss and notify, webauthn:extension:credBlob: true, webauthn:extension:largeBlob: true, webauthn:extension:minPinLength: true, webauthn:extension:prf: true, webauthn:virtualAuthenticators: true}
Element: [[ChromeDriver: chrome on windows (f2f71cc2664c26df2ae58ddb673fdfd7)] -> xpath: //div[@role='option']]
Session ID: f2f71cc2664c26df2ae58ddb673fdfd7
at org.openqa.selenium.remote.codec.w3c.W3CHttpResponseCodec.createException(W3CHttpResponseCodec.java:200)
at org.openqa.selenium.remote.codec.w3c.W3CHttpResponseCodec.decode(W3CHttpResponseCodec.java:133)
at org.openqa.selenium.remote.codec.w3c.W3CHttpResponseCodec.decode(W3CHttpResponseCodec.java:52)
at org.openqa.selenium.remote.HttpCommandExecutor.execute(HttpCommandExecutor.java:191)
at org.openqa.selenium.remote.service.DriverCommandExecutor.invokeExecute(DriverCommandExecutor.java:196)
at org.openqa.selenium.remote.service.DriverCommandExecutor.execute(DriverCommandExecutor.java:171)
at org.openqa.selenium.remote.RemoteWebDriver.execute(RemoteWebDriver.java:602)
at org.openqa.selenium.remote.RemoteWebElement.execute(RemoteWebElement.java:224)
at org.openqa.selenium.remote.RemoteWebElement.click(RemoteWebElement.java:77)
at org.openqa.selenium.support.pagefactory.internal.LocatingElementHandler.invoke(LocatingElementHandler.java:51)
at jdk.proxy2/jdk.proxy2.$Proxy34.click(Unknown Source)
at pomPages.AddLeadPage.otherdata(AddLeadPage.java:197)
at testCases.Tc001_AddLead.set(Tc001_AddLead.java:29)
at java.base/java.util.ArrayList.forEach(ArrayList.java:1511)
... Removed 36 stack frames]]>
    </failure>
  </testcase> <!-- set -->
</testsuite> <!-- Leadrat Test(failed)(failed) -->
